# JRE version: OpenJDK Runtime Environment (18.0.1.1+2) (build 18.0.1.1+2-6)
# Java VM: OpenJDK 64-Bit Server VM (18.0.1.1+2-6, mixed mode, emulated-client, sharing, tiered, compressed oops, compressed class ptrs, g1 gc, windows-amd64)
GC Precious Log:
 CardTable entry size: 512
 Card Set container configuration: InlinePtr #cards 5 size 8 Array Of Cards #cards 12 size 40 Howl #buckets 4 coarsen threshold 1843 Howl Bitmap #cards 512 size 80 coarsen threshold 460 Card regions per heap region 1 cards per card region 2048
 CPUs: 6 total, 6 available
 Memory: 8175M
 Large Page Support: Disabled
 NUMA Support: Disabled
 Compressed Oops: Enabled (32-bit)
 Heap Region Size: 1M
 Heap Min Capacity: 8M
 Heap Initial Capacity: 128M
 Heap Max Capacity: 2044M
 Pre-touch: Disabled
 Parallel Workers: 6
 Concurrent Workers: 2
 Concurrent Refinement Workers: 6
 Periodic GC: Disabled
Heap:
 garbage-first heap   total 110592K, used 26019K [0x0000000080400000, 0x0000000100000000)
  region size 1024K, 4 young (4096K), 4 survivors (4096K)
 Metaspace       used 48893K, committed 49344K, reserved 1114112K
  class space    used 6762K, committed 6976K, reserved 1048576K
GC Heap History (20 events):
Event: 1.347 GC heap after
{Heap after GC invocations=1 (full 0):
 garbage-first heap   total 131072K, used 7856K [0x0000000080400000, 0x0000000100000000)
  region size 1024K, 3 young (3072K), 3 survivors (3072K)
 Metaspace       used 7554K, committed 7808K, reserved 1114112K
  class space    used 905K, committed 1024K, reserved 1048576K
}
Event: 1.740 GC heap before
{Heap before GC invocations=1 (full 0):
 garbage-first heap   total 131072K, used 20144K [0x0000000080400000, 0x0000000100000000)
  region size 1024K, 16 young (16384K), 3 survivors (3072K)
 Metaspace       used 10758K, committed 11008K, reserved 1114112K
  class space    used 1400K, committed 1536K, reserved 1048576K
}
Event: 1.746 GC heap after
{Heap after GC invocations=2 (full 0):
 garbage-first heap   total 131072K, used 9613K [0x0000000080400000, 0x0000000100000000)
  region size 1024K, 2 young (2048K), 2 survivors (2048K)
 Metaspace       used 10758K, committed 11008K, reserved 1114112K
  class space    used 1400K, committed 1536K, reserved 1048576K
}
Event: 2.455 GC heap before
{Heap before GC invocations=2 (full 0):
 garbage-first heap   total 131072K, used 48525K [0x0000000080400000, 0x0000000100000000)
  region size 1024K, 41 young (41984K), 2 survivors (2048K)
 Metaspace       used 18701K, committed 19008K, reserved 1114112K
  class space    used 2467K, committed 2624K, reserved 1048576K
}
Event: 2.463 GC heap after
{Heap after GC invocations=3 (full 0):
 garbage-first heap   total 131072K, used 12156K [0x0000000080400000, 0x0000000100000000)
  region size 1024K, 4 young (4096K), 4 survivors (4096K)
 Metaspace       used 18701K, committed 19008K, reserved 1114112K
  class space    used 2467K, committed 2624K, reserved 1048576K
}
Event: 3.010 GC heap before
{Heap before GC invocations=3 (full 0):
 garbage-first heap   total 131072K, used 32636K [0x0000000080400000, 0x0000000100000000)
  region size 1024K, 25 young (25600K), 4 survivors (4096K)
 Metaspace       used 21248K, committed 21504K, reserved 1114112K
  class space    used 2858K, committed 3008K, reserved 1048576K
}
Event: 3.018 GC heap after
{Heap after GC invocations=4 (full 0):
 garbage-first heap   total 131072K, used 13430K [0x0000000080400000, 0x0000000100000000)
  region size 1024K, 6 young (6144K), 6 survivors (6144K)
 Metaspace       used 21248K, committed 21504K, reserved 1114112K
  class space    used 2858K, committed 3008K, reserved 1048576K
}
Event: 4.105 GC heap before
{Heap before GC invocations=5 (full 0):
 garbage-first heap   total 51200K, used 50294K [0x0000000080400000, 0x0000000100000000)
  region size 1024K, 42 young (43008K), 6 survivors (6144K)
 Metaspace       used 26708K, committed 27136K, reserved 1114112K
  class space    used 3630K, committed 3840K, reserved 1048576K
}
Event: 4.115 GC heap after
{Heap after GC invocations=6 (full 0):
 garbage-first heap   total 60416K, used 16741K [0x0000000080400000, 0x0000000100000000)
  region size 1024K, 9 young (9216K), 9 survivors (9216K)
 Metaspace       used 26708K, committed 27136K, reserved 1114112K
  class space    used 3630K, committed 3840K, reserved 1048576K
}
Event: 4.132 GC heap before
{Heap before GC invocations=6 (full 0):
 garbage-first heap   total 60416K, used 17765K [0x0000000080400000, 0x0000000100000000)
  region size 1024K, 10 young (10240K), 9 survivors (9216K)
 Metaspace       used 26790K, committed 27200K, reserved 1114112K
  class space    used 3643K, committed 3840K, reserved 1048576K
}
Event: 4.142 GC heap after
{Heap after GC invocations=7 (full 0):
 garbage-first heap   total 60416K, used 17610K [0x0000000080400000, 0x0000000100000000)
  region size 1024K, 2 young (2048K), 2 survivors (2048K)
 Metaspace       used 26790K, committed 27200K, reserved 1114112K
  class space    used 3643K, committed 3840K, reserved 1048576K
}
Event: 5.219 GC heap before
{Heap before GC invocations=7 (full 0):
 garbage-first heap   total 60416K, used 41162K [0x0000000080400000, 0x0000000100000000)
  region size 1024K, 26 young (26624K), 2 survivors (2048K)
 Metaspace       used 33727K, committed 34112K, reserved 1114112K
  class space    used 4630K, committed 4800K, reserved 1048576K
}
Event: 5.222 GC heap after
{Heap after GC invocations=8 (full 0):
 garbage-first heap   total 60416K, used 17827K [0x0000000080400000, 0x0000000100000000)
  region size 1024K, 2 young (2048K), 2 survivors (2048K)
 Metaspace       used 33727K, committed 34112K, reserved 1114112K
  class space    used 4630K, committed 4800K, reserved 1048576K
}
Event: 5.513 GC heap before
{Heap before GC invocations=8 (full 0):
 garbage-first heap   total 60416K, used 26019K [0x0000000080400000, 0x0000000100000000)
  region size 1024K, 11 young (11264K), 2 survivors (2048K)
 Metaspace       used 35766K, committed 36096K, reserved 1114112K
  class space    used 4898K, committed 5056K, reserved 1048576K
}
Event: 5.516 GC heap after
{Heap after GC invocations=9 (full 0):
 garbage-first heap   total 60416K, used 18276K [0x0000000080400000, 0x0000000100000000)
  region size 1024K, 2 young (2048K), 2 survivors (2048K)
 Metaspace       used 35766K, committed 36096K, reserved 1114112K
  class space    used 4898K, committed 5056K, reserved 1048576K
}
Event: 6.378 GC heap before
{Heap before GC invocations=10 (full 0):
 garbage-first heap   total 60416K, used 44900K [0x0000000080400000, 0x0000000100000000)
  region size 1024K, 29 young (29696K), 2 survivors (2048K)
 Metaspace       used 41278K, committed 41664K, reserved 1114112K
  class space    used 5731K, committed 5888K, reserved 1048576K
}
Event: 6.383 GC heap after
{Heap after GC invocations=11 (full 0):
 garbage-first heap   total 60416K, used 20153K [0x0000000080400000, 0x0000000100000000)
  region size 1024K, 4 young (4096K), 4 survivors (4096K)
 Metaspace       used 41278K, committed 41664K, reserved 1114112K
  class space    used 5731K, committed 5888K, reserved 1048576K
}
Event: 7.035 GC heap before
{Heap before GC invocations=11 (full 0):
 garbage-first heap   total 60416K, used 44729K [0x0000000080400000, 0x0000000100000000)
  region size 1024K, 29 young (29696K), 4 survivors (4096K)
 Metaspace       used 44774K, committed 45248K, reserved 1114112K
  class space    used 6222K, committed 6464K, reserved 1048576K
}
Event: 7.044 GC heap after
{Heap after GC invocations=12 (full 0):
 garbage-first heap   total 60416K, used 22490K [0x0000000080400000, 0x0000000100000000)
  region size 1024K, 4 young (4096K), 4 survivors (4096K)
 Metaspace       used 44774K, committed 45248K, reserved 1114112K
  class space    used 6222K, committed 6464K, reserved 1048576K
}
Event: 12.361 GC heap before
{Heap before GC invocations=12 (full 0):
 garbage-first heap   total 60416K, used 46042K [0x0000000080400000, 0x0000000100000000)
  region size 1024K, 28 young (28672K), 4 survivors (4096K)
 Metaspace       used 48893K, committed 49344K, reserved 1114112K
  class space    used 6762K, committed 6976K, reserved 1048576K
}

